<?xml version="1.0" encoding="UTF-8"?>
<!-- Generated by org.testng.reporters.JUnitReportReporter -->
<testsuite skipped="0" hostname="santosh" name="com.testng.Dependency_Demo" tests="3" failures="0" timestamp="2021-12-26T18:58:45 IST" time="0.016" errors="0">
  <testcase name="offer" time="0.000" classname="com.testng.Dependency_Demo"/>
  <system-out/>
  <testcase name="watch" time="0.016" classname="com.testng.Dependency_Demo"/>
  <system-out/>
  <testcase name="mobile" time="0.000" classname="com.testng.Dependency_Demo"/>
  <system-out/>
</testsuite> <!-- com.testng.Dependency_Demo -->
