<?xml version="1.0" encoding="UTF-8"?>
<!-- Generated by org.testng.reporters.JUnitReportReporter -->
<testsuite skipped="0" hostname="santosh" name="com.testng.Priority" tests="3" failures="0" timestamp="2021-12-28T19:49:57 IST" time="0.000" errors="0">
  <testcase name="men" time="0.000" classname="com.testng.Priority"/>
  <system-out/>
  <testcase name="women" time="0.000" classname="com.testng.Priority"/>
  <system-out/>
  <testcase name="kids" time="0.000" classname="com.testng.Priority"/>
  <system-out/>
</testsuite> <!-- com.testng.Priority -->
