<?xml version="1.0" encoding="UTF-8"?>
<!-- Generated by org.testng.reporters.JUnitReportReporter -->
<testsuite skipped="0" hostname="santosh" name="com.testng.Simple_Annotation" tests="3" failures="0" timestamp="2021-12-28T19:50:06 IST" time="0.031" errors="0">
  <testcase name="women" time="0.000" classname="com.testng.Simple_Annotation"/>
  <system-out/>
  <testcase name="men" time="0.015" classname="com.testng.Simple_Annotation"/>
  <system-out/>
  <testcase name="kids" time="0.016" classname="com.testng.Simple_Annotation"/>
  <system-out/>
</testsuite> <!-- com.testng.Simple_Annotation -->
