<?xml version="1.0" encoding="UTF-8"?>
<!-- Generated by org.testng.reporters.JUnitReportReporter -->
<testsuite skipped="0" hostname="santosh" name="com.testng.Parameterized_Test" tests="1" failures="0" timestamp="2021-12-28T19:49:35 IST" time="0.015" errors="0">
  <testcase name="credentails" time="0.015" classname="com.testng.Parameterized_Test"/>
  <system-out/>
</testsuite> <!-- com.testng.Parameterized_Test -->
