<?xml version="1.0" encoding="UTF-8"?>
<!-- Generated by org.testng.reporters.JUnitReportReporter -->
<testsuite skipped="0" hostname="santosh" name="com.testng.Invocation_Count" tests="7" failures="0" timestamp="2021-12-21T15:39:44 IST" time="0.024" errors="0">
  <testcase name="men" time="0.016" classname="com.testng.Invocation_Count"/>
  <system-out/>
  <testcase name="women" time="0.000" classname="com.testng.Invocation_Count"/>
  <system-out/>
  <testcase name="refersh" time="0.000" classname="com.testng.Invocation_Count"/>
  <system-out/>
  <testcase name="refersh" time="0.000" classname="com.testng.Invocation_Count"/>
  <system-out/>
  <testcase name="refersh" time="0.000" classname="com.testng.Invocation_Count"/>
  <system-out/>
  <testcase name="refersh" time="0.008" classname="com.testng.Invocation_Count"/>
  <system-out/>
  <testcase name="refersh" time="0.000" classname="com.testng.Invocation_Count"/>
  <system-out/>
</testsuite> <!-- com.testng.Invocation_Count -->
