<?xml version="1.0" encoding="UTF-8"?>
<!-- Generated by org.testng.reporters.JUnitReportReporter -->
<testsuite skipped="1" hostname="santosh" name="com.testng.Ignore_Concept" tests="3" failures="0" timestamp="2021-12-28T19:48:34 IST" time="0.017" errors="0">
  <testcase name="whatapp" time="0.000" classname="com.testng.Ignore_Concept"/>
  <system-out/>
  <testcase name="facebook" time="0.017" classname="com.testng.Ignore_Concept"/>
  <system-out/>
  <testcase name="amazon" classname="com.testng.Ignore_Concept">
    <skipped/>
  </testcase> <!-- amazon -->
  <system-out/>
</testsuite> <!-- com.testng.Ignore_Concept -->
