<?xml version="1.0" encoding="UTF-8"?>
<!-- Generated by org.testng.reporters.JUnitReportReporter -->
<testsuite skipped="0" hostname="santosh" name="com.testng.Soft_Assert_Concept" tests="1" failures="0" timestamp="2021-12-28T19:50:32 IST" time="0.016" errors="0">
  <testcase name="demo_Username" time="0.016" classname="com.testng.Soft_Assert_Concept"/>
  <system-out/>
</testsuite> <!-- com.testng.Soft_Assert_Concept -->
