<?xml version="1.0" encoding="UTF-8"?>
<!-- Generated by org.testng.reporters.JUnitReportReporter -->
<testsuite skipped="0" hostname="santosh" name="com.testng.Assert_Concept" tests="2" failures="0" timestamp="2021-12-28T19:46:55 IST" time="0.015" errors="0">
  <testcase name="demo_Username" time="0.015" classname="com.testng.Assert_Concept"/>
  <system-out/>
  <testcase name="demo_password" time="0.000" classname="com.testng.Assert_Concept"/>
  <system-out/>
</testsuite> <!-- com.testng.Assert_Concept -->
