<?xml version="1.0" encoding="UTF-8"?>
<!-- Generated by org.testng.reporters.JUnitReportReporter -->
<testsuite skipped="0" hostname="santosh" name="com.testng.Multiple_Datas" tests="5" failures="0" timestamp="2021-12-28T19:49:22 IST" time="0.032" errors="0">
  <testcase name="data" time="0.016" classname="com.testng.Multiple_Datas"/>
  <system-out/>
  <testcase name="data" time="0.000" classname="com.testng.Multiple_Datas"/>
  <system-out/>
  <testcase name="data" time="0.016" classname="com.testng.Multiple_Datas"/>
  <system-out/>
  <testcase name="data" time="0.000" classname="com.testng.Multiple_Datas"/>
  <system-out/>
  <testcase name="data" time="0.000" classname="com.testng.Multiple_Datas"/>
  <system-out/>
</testsuite> <!-- com.testng.Multiple_Datas -->
