<?xml version="1.0" encoding="UTF-8"?>
<!-- Generated by org.testng.reporters.JUnitReportReporter -->
<testsuite skipped="0" hostname="santosh" name="com.testng.Expected_Exceptions" tests="1" failures="0" timestamp="2021-12-28T19:47:32 IST" time="0.015" errors="0">
  <testcase name="demos" time="0.015" classname="com.testng.Expected_Exceptions"/>
  <system-out/>
</testsuite> <!-- com.testng.Expected_Exceptions -->
