<?xml version="1.0" encoding="UTF-8"?>
<!-- Generated by org.testng.reporters.JUnitReportReporter -->
<testsuite skipped="0" hostname="santosh" name="com.Testng_Runner.Adactin" tests="1" failures="0" timestamp="2021-12-27T19:22:01 IST" time="5.826" errors="0">
  <testcase name="hoteldetails" time="5.826" classname="com.Testng_Runner.Adactin"/>
  <system-out/>
</testsuite> <!-- com.Testng_Runner.Adactin -->
