<?xml version="1.0" encoding="UTF-8"?>
<!-- Generated by org.testng.reporters.JUnitReportReporter -->
<testsuite skipped="0" hostname="santosh" name="com.testng.Groups" tests="5" failures="0" timestamp="2021-12-28T19:48:11 IST" time="0.046" errors="0">
  <testcase name="book" time="0.000" classname="com.testng.Groups"/>
  <system-out/>
  <testcase name="facebook" time="0.016" classname="com.testng.Groups"/>
  <system-out/>
  <testcase name="whatapp" time="0.015" classname="com.testng.Groups"/>
  <system-out/>
  <testcase name="flipkart" time="0.000" classname="com.testng.Groups"/>
  <system-out/>
  <testcase name="amazon" time="0.015" classname="com.testng.Groups"/>
  <system-out/>
</testsuite> <!-- com.testng.Groups -->
